<?xml version="1.0" encoding="UTF-8"?>
<!-- Generated by org.testng.reporters.JUnitXMLReporter -->
<testsuite ignored="0" hostname="lenovo" failures="0" tests="16" name="Default test" time="31.132" errors="0" timestamp="2025-08-06T11:27:12 IST">
  <testcase classname="testcases.RestAssured_TestCases" name="loginWithSeleniumAndGetCookie" time="17.945"/>
  <testcase classname="testcases.RestAssured_TestCases" name="GetLogin" time="2.067"/>
  <testcase classname="testcases.RestAssured_TestCases" name="GetEmpActionSummary" time="1.069"/>
  <testcase classname="testcases.RestAssured_TestCases" name="GetDashboardShortcut" time="0.578"/>
  <testcase classname="testcases.RestAssured_TestCases" name="GetEmpLeaveInfo" time="0.485"/>
  <testcase classname="testcases.RestAssured_TestCases" name="GetEmpSubunit" time="0.47"/>
  <testcase classname="testcases.RestAssured_TestCases" name="GetEmployeeLocations" time="0.461"/>
  <testcase classname="testcases.RestAssured_TestCases" name="GetAdminUsers" time="0.549"/>
  <testcase classname="testcases.RestAssured_TestCases" name="GetJobTitlesTest" time="0.476"/>
  <testcase classname="testcases.RestAssured_TestCases" name="DeleteJobTitleByIdTest" time="1.988"/>
  <testcase classname="testcases.RestAssured_TestCases" name="GetPaygrades" time="0.508"/>
  <testcase classname="testcases.RestAssured_TestCases" name="PutPaygrades" time="1.014"/>
  <testcase classname="testcases.RestAssured_TestCases" name="PostEmpStatuses" time="0.508"/>
  <testcase classname="testcases.RestAssured_TestCases" name="PutEmploymentStatusTest" time="0.45"/>
  <testcase classname="testcases.RestAssured_TestCases" name="DeleteEmploymentStatusByIdTest" time="1.904"/>
  <testcase classname="testcases.RestAssured_TestCases" name="PostJobCategoriesTest" time="0.534"/>
</testsuite> <!-- Default test -->
