<?xml version="1.0" encoding="UTF-8"?>
<!-- Generated by org.testng.reporters.JUnitXMLReporter -->
<testsuite ignored="0" hostname="User-44" failures="0" tests="16" name="Test" time="33.477" errors="0" timestamp="2025-08-07T17:11:44 IST">
  <testcase classname="testcases.RestAssured_TestCases" name="loginWithSeleniumAndGetCookie" time="16.171"/>
  <testcase classname="testcases.RestAssured_TestCases" name="GetLogin" time="1.765"/>
  <testcase classname="testcases.RestAssured_TestCases" name="GetEmpActionSummary" time="0.966"/>
  <testcase classname="testcases.RestAssured_TestCases" name="GetDashboardShortcut" time="0.534"/>
  <testcase classname="testcases.RestAssured_TestCases" name="GetEmpLeaveInfo" time="0.503"/>
  <testcase classname="testcases.RestAssured_TestCases" name="GetEmpSubunit" time="0.493"/>
  <testcase classname="testcases.RestAssured_TestCases" name="GetEmployeeLocations" time="0.46"/>
  <testcase classname="testcases.RestAssured_TestCases" name="GetAdminUsers" time="0.552"/>
  <testcase classname="testcases.RestAssured_TestCases" name="GetJobTitlesTest" time="0.491"/>
  <testcase classname="testcases.RestAssured_TestCases" name="DeleteJobTitleByIdTest" time="1.835"/>
  <testcase classname="testcases.RestAssured_TestCases" name="GetPaygrades" time="0.485"/>
  <testcase classname="testcases.RestAssured_TestCases" name="PutPaygrades" time="0.931"/>
  <testcase classname="testcases.RestAssured_TestCases" name="PostEmpStatuses" time="0.517"/>
  <testcase classname="testcases.RestAssured_TestCases" name="PutEmploymentStatusTest" time="0.448"/>
  <testcase classname="testcases.RestAssured_TestCases" name="DeleteEmploymentStatusByIdTest" time="1.796"/>
  <testcase classname="testcases.RestAssured_TestCases" name="PostJobCategoriesTest" time="0.478"/>
</testsuite> <!-- Test -->
