<?xml version="1.0" encoding="UTF-8"?>
<testng-results ignored="0" total="16" passed="16" failed="0" skipped="0">
  <reporter-output>
  </reporter-output>
  <suite started-at="2025-08-07T17:11:11 IST" name="Suite" finished-at="2025-08-07T17:11:44 IST" duration-ms="33477">
    <groups>
      <group name="PL1">
        <method signature="RestAssured_TestCases.loginWithSeleniumAndGetCookie()[pri:0, instance:testcases.RestAssured_TestCases@1838ccb8]" name="loginWithSeleniumAndGetCookie" class="testcases.RestAssured_TestCases"/>
        <method signature="RestAssured_TestCases.GetLogin()[pri:1, instance:testcases.RestAssured_TestCases@1838ccb8]" name="GetLogin" class="testcases.RestAssured_TestCases"/>
        <method signature="RestAssured_TestCases.GetEmpActionSummary()[pri:2, instance:testcases.RestAssured_TestCases@1838ccb8]" name="GetEmpActionSummary" class="testcases.RestAssured_TestCases"/>
        <method signature="RestAssured_TestCases.GetDashboardShortcut()[pri:3, instance:testcases.RestAssured_TestCases@1838ccb8]" name="GetDashboardShortcut" class="testcases.RestAssured_TestCases"/>
        <method signature="RestAssured_TestCases.GetEmpLeaveInfo()[pri:4, instance:testcases.RestAssured_TestCases@1838ccb8]" name="GetEmpLeaveInfo" class="testcases.RestAssured_TestCases"/>
        <method signature="RestAssured_TestCases.GetEmpSubunit()[pri:5, instance:testcases.RestAssured_TestCases@1838ccb8]" name="GetEmpSubunit" class="testcases.RestAssured_TestCases"/>
        <method signature="RestAssured_TestCases.GetEmployeeLocations()[pri:6, instance:testcases.RestAssured_TestCases@1838ccb8]" name="GetEmployeeLocations" class="testcases.RestAssured_TestCases"/>
        <method signature="RestAssured_TestCases.GetAdminUsers()[pri:7, instance:testcases.RestAssured_TestCases@1838ccb8]" name="GetAdminUsers" class="testcases.RestAssured_TestCases"/>
        <method signature="RestAssured_TestCases.GetJobTitlesTest()[pri:8, instance:testcases.RestAssured_TestCases@1838ccb8]" name="GetJobTitlesTest" class="testcases.RestAssured_TestCases"/>
        <method signature="RestAssured_TestCases.DeleteJobTitleByIdTest()[pri:9, instance:testcases.RestAssured_TestCases@1838ccb8]" name="DeleteJobTitleByIdTest" class="testcases.RestAssured_TestCases"/>
        <method signature="RestAssured_TestCases.GetPaygrades()[pri:10, instance:testcases.RestAssured_TestCases@1838ccb8]" name="GetPaygrades" class="testcases.RestAssured_TestCases"/>
        <method signature="RestAssured_TestCases.PutPaygrades()[pri:11, instance:testcases.RestAssured_TestCases@1838ccb8]" name="PutPaygrades" class="testcases.RestAssured_TestCases"/>
        <method signature="RestAssured_TestCases.PostEmpStatuses()[pri:12, instance:testcases.RestAssured_TestCases@1838ccb8]" name="PostEmpStatuses" class="testcases.RestAssured_TestCases"/>
        <method signature="RestAssured_TestCases.PutEmploymentStatusTest()[pri:13, instance:testcases.RestAssured_TestCases@1838ccb8]" name="PutEmploymentStatusTest" class="testcases.RestAssured_TestCases"/>
        <method signature="RestAssured_TestCases.DeleteEmploymentStatusByIdTest()[pri:14, instance:testcases.RestAssured_TestCases@1838ccb8]" name="DeleteEmploymentStatusByIdTest" class="testcases.RestAssured_TestCases"/>
        <method signature="RestAssured_TestCases.PostJobCategoriesTest()[pri:15, instance:testcases.RestAssured_TestCases@1838ccb8]" name="PostJobCategoriesTest" class="testcases.RestAssured_TestCases"/>
      </group> <!-- PL1 -->
    </groups>
    <test started-at="2025-08-07T17:11:11 IST" name="Test" finished-at="2025-08-07T17:11:44 IST" duration-ms="33477">
      <class name="testcases.RestAssured_TestCases">
        <test-method signature="loginWithSeleniumAndGetCookie()[pri:0, instance:testcases.RestAssured_TestCases@1838ccb8]" started-at="2025-08-07T17:11:11 IST" name="loginWithSeleniumAndGetCookie" description="1. Login to the application using Selenium WebDriver
2. Extract the cookie named &#039;orangehrm&#039; after successful login
3. Store the cookie value for subsequent API requests" finished-at="2025-08-07T17:11:27 IST" duration-ms="16171" status="PASS">
          <reporter-output>
          </reporter-output>
        </test-method> <!-- loginWithSeleniumAndGetCookie -->
        <test-method signature="GetLogin()[pri:1, instance:testcases.RestAssured_TestCases@1838ccb8]" started-at="2025-08-07T17:11:27 IST" name="GetLogin" description="1. Send a GET request to the &#039;/web/index.php/auth/login&#039; endpoint with a valid cookie
2. Do not pass any request body (null)
3. Print and verify the response status code and response body
4. Assert that the response status code is 200 (OK) and response is HTML page" finished-at="2025-08-07T17:11:29 IST" depends-on-methods="testcases.RestAssured_TestCases.loginWithSeleniumAndGetCookie" duration-ms="1765" status="PASS">
          <reporter-output>
          </reporter-output>
        </test-method> <!-- GetLogin -->
        <test-method signature="GetEmpActionSummary()[pri:2, instance:testcases.RestAssured_TestCases@1838ccb8]" started-at="2025-08-07T17:11:29 IST" name="GetEmpActionSummary" description="1. Send a GET request to the &#039;/web/index.php/api/v2/dashboard/employees/action-summary&#039; endpoint with a valid cookie
2. Do not include any request body (null)
3. Print the response status code and response body
4. Assert that the response status code is 200 (OK)" finished-at="2025-08-07T17:11:30 IST" depends-on-methods="testcases.RestAssured_TestCases.loginWithSeleniumAndGetCookie" duration-ms="966" status="PASS">
          <reporter-output>
          </reporter-output>
        </test-method> <!-- GetEmpActionSummary -->
        <test-method signature="GetDashboardShortcut()[pri:3, instance:testcases.RestAssured_TestCases@1838ccb8]" started-at="2025-08-07T17:11:31 IST" name="GetDashboardShortcut" description="1. Send a GET request to the &#039;/web/index.php/api/v2/dashboard/shortcuts&#039; endpoint with a valid cookie
2. Do not provide any request body (null)
3. Print the response status code and body for verification
4. Assert that the response status code is 200 (OK)" finished-at="2025-08-07T17:11:31 IST" depends-on-methods="testcases.RestAssured_TestCases.loginWithSeleniumAndGetCookie" duration-ms="534" status="PASS">
          <reporter-output>
          </reporter-output>
        </test-method> <!-- GetDashboardShortcut -->
        <test-method signature="GetEmpLeaveInfo()[pri:4, instance:testcases.RestAssured_TestCases@1838ccb8]" started-at="2025-08-07T17:11:31 IST" name="GetEmpLeaveInfo" description="1. Generate the current date dynamically in &#039;yyyy-MM-dd&#039; format
2. Send a GET request to the &#039;/web/index.php/api/v2/dashboard/employees/leaves?date={current_date}&#039; endpoint with a valid cookie
3. Do not include any request body (null)
4. Log the date used, response status code, and response body
5. Assert that the response status code is 200 (OK)" finished-at="2025-08-07T17:11:32 IST" depends-on-methods="testcases.RestAssured_TestCases.loginWithSeleniumAndGetCookie" duration-ms="503" status="PASS">
          <reporter-output>
          </reporter-output>
        </test-method> <!-- GetEmpLeaveInfo -->
        <test-method signature="GetEmpSubunit()[pri:5, instance:testcases.RestAssured_TestCases@1838ccb8]" started-at="2025-08-07T17:11:32 IST" name="GetEmpSubunit" description="1. Send a GET request to the &#039;/web/index.php/api/v2/dashboard/employees/subunit&#039; endpoint with a valid cookie
2. Do not provide any request body (null)
3. Print the response status code and response body for validation
4. Assert that the response status code is 200 (OK)" finished-at="2025-08-07T17:11:33 IST" depends-on-methods="testcases.RestAssured_TestCases.loginWithSeleniumAndGetCookie" duration-ms="493" status="PASS">
          <reporter-output>
          </reporter-output>
        </test-method> <!-- GetEmpSubunit -->
        <test-method signature="GetEmployeeLocations()[pri:6, instance:testcases.RestAssured_TestCases@1838ccb8]" started-at="2025-08-07T17:11:33 IST" name="GetEmployeeLocations" description="1. Construct the endpoint &#039;/web/index.php/api/v2/dashboard/employees/locations&#039;
2. Send a GET request with a valid cookie
3. Print the response status code and body for verification
4. Assert response code is 200 and all required fields are present" finished-at="2025-08-07T17:11:33 IST" depends-on-methods="testcases.RestAssured_TestCases.loginWithSeleniumAndGetCookie" duration-ms="460" status="PASS">
          <reporter-output>
          </reporter-output>
        </test-method> <!-- GetEmployeeLocations -->
        <test-method signature="GetAdminUsers()[pri:7, instance:testcases.RestAssured_TestCases@1838ccb8]" started-at="2025-08-07T17:11:33 IST" name="GetAdminUsers" description="1. Construct the endpoint &#039;/web/index.php/api/v2/admin/users?limit=50&amp;offset=0&amp;sortField=u.userName&amp;sortOrder=ASC&#039;
2. Send a GET request with a valid cookie
3. Print the response status code and body for verification
4. Assert response code is 200 and required fields are present
5. Validate user list content and structure" finished-at="2025-08-07T17:11:34 IST" depends-on-methods="testcases.RestAssured_TestCases.loginWithSeleniumAndGetCookie" duration-ms="552" status="PASS">
          <reporter-output>
          </reporter-output>
        </test-method> <!-- GetAdminUsers -->
        <test-method signature="GetJobTitlesTest()[pri:8, instance:testcases.RestAssured_TestCases@1838ccb8]" started-at="2025-08-07T17:11:34 IST" name="GetJobTitlesTest" description="1. Construct the endpoint &#039;/web/index.php/api/v2/admin/job-titles?limit=50&amp;offset=0&amp;sortField=jt.jobTitleName&amp;sortOrder=ASC&#039;
2. Send a GET request with a valid cookie
3. Print the response status code and body for verification
4. Assert response code is 200 and required fields are present and non-empty" finished-at="2025-08-07T17:11:35 IST" depends-on-methods="testcases.RestAssured_TestCases.loginWithSeleniumAndGetCookie" duration-ms="491" status="PASS">
          <reporter-output>
          </reporter-output>
        </test-method> <!-- GetJobTitlesTest -->
        <test-method signature="DeleteJobTitleByIdTest()[pri:9, instance:testcases.RestAssured_TestCases@1838ccb8]" started-at="2025-08-07T17:11:35 IST" name="DeleteJobTitleByIdTest" description="1. Fetch job title ID using GET &#039;/web/index.php/api/v2/admin/job-titles&#039; also add a new job title before deleting
2. Delete that job title using DELETE &#039;/web/index.php/api/v2/admin/job-titles&#039;
3. Assert response code is 200 and first job title is different after deletion" finished-at="2025-08-07T17:11:37 IST" depends-on-methods="testcases.RestAssured_TestCases.loginWithSeleniumAndGetCookie" duration-ms="1835" status="PASS">
          <reporter-output>
          </reporter-output>
        </test-method> <!-- DeleteJobTitleByIdTest -->
        <test-method signature="GetPaygrades()[pri:10, instance:testcases.RestAssured_TestCases@1838ccb8]" started-at="2025-08-07T17:11:37 IST" name="GetPaygrades" description="Precondition: Null
1. Send a GET request to the &#039;/web/index.php/api/v2/admin/pay-grades?limit=50&amp;offset=0&#039; endpoint with a valid cookie and the request body
2. Print the request body, response status code, and response body for debugging
3. Assert that the response status code is 200, indicating the request was successful" finished-at="2025-08-07T17:11:38 IST" depends-on-methods="testcases.RestAssured_TestCases.loginWithSeleniumAndGetCookie" duration-ms="485" status="PASS">
          <reporter-output>
          </reporter-output>
        </test-method> <!-- GetPaygrades -->
        <test-method signature="PutPaygrades()[pri:11, instance:testcases.RestAssured_TestCases@1838ccb8]" started-at="2025-08-07T17:11:39 IST" name="PutPaygrades" description="Precondition: Get the id of the Paygrade
1. Get the paygrade id and generate a URL &#039;/web/index.php/api/v2/admin/pay-grades/{id}&#039;
2. Send a PUT request to the endpoint with a valid cookie and the request body
3. Print the request body, response status code, and response body for debugging
4. Assert that the response status code is 200, indicating the request was successful" finished-at="2025-08-07T17:11:40 IST" depends-on-methods="testcases.RestAssured_TestCases.loginWithSeleniumAndGetCookie" duration-ms="931" status="PASS">
          <reporter-output>
          </reporter-output>
        </test-method> <!-- PutPaygrades -->
        <test-method signature="PostEmpStatuses()[pri:12, instance:testcases.RestAssured_TestCases@1838ccb8]" started-at="2025-08-07T17:11:40 IST" name="PostEmpStatuses" description="Precondition: Null
1. Generate a unique name 
2. Send POST request to &#039;/web/index.php/api/v2/admin/employment-statuse&#039;
3. Make sure the request contains the req body,cookie4. Verify response contains the added name" finished-at="2025-08-07T17:11:41 IST" depends-on-methods="testcases.RestAssured_TestCases.loginWithSeleniumAndGetCookie" duration-ms="517" status="PASS">
          <reporter-output>
          </reporter-output>
        </test-method> <!-- PostEmpStatuses -->
        <test-method signature="PutEmploymentStatusTest()[pri:13, instance:testcases.RestAssured_TestCases@1838ccb8]" started-at="2025-08-07T17:11:41 IST" name="PutEmploymentStatusTest" description="1. Fetch employment status ID using GET &#039;/web/index.php/api/v2/admin/employment-statuses&#039;
2. Construct endpoint &#039;/web/index.php/api/v2/admin/employment-statuses/{id}&#039;
3. Send a PUT request with a valid cookie and body containing a new name
4. Print request/response details
5. Assert response code is 200 and updated name is reflected in the response" finished-at="2025-08-07T17:11:41 IST" depends-on-methods="testcases.RestAssured_TestCases.loginWithSeleniumAndGetCookie" duration-ms="448" status="PASS">
          <reporter-output>
          </reporter-output>
        </test-method> <!-- PutEmploymentStatusTest -->
        <test-method signature="DeleteEmploymentStatusByIdTest()[pri:14, instance:testcases.RestAssured_TestCases@1838ccb8]" started-at="2025-08-07T17:11:41 IST" name="DeleteEmploymentStatusByIdTest" description="1. Fetch employment status ID using GET &#039;/web/index.php/api/v2/admin/employment-statuses&#039;
2. Delete that employment status using DELETE &#039;/web/index.php/api/v2/admin/employment-statuses&#039;
3. Assert response code is 200 and verify that the first employment status ID has changed" finished-at="2025-08-07T17:11:43 IST" depends-on-methods="testcases.RestAssured_TestCases.loginWithSeleniumAndGetCookie" duration-ms="1796" status="PASS">
          <reporter-output>
          </reporter-output>
        </test-method> <!-- DeleteEmploymentStatusByIdTest -->
        <test-method signature="PostJobCategoriesTest()[pri:15, instance:testcases.RestAssured_TestCases@1838ccb8]" started-at="2025-08-07T17:11:43 IST" name="PostJobCategoriesTest" description="1. Generate a unique job category name
2. Send POST request to &#039;/web/index.php/api/v2/admin/job-categories&#039;
3. Assert response status is 200
4. Validate that the response contains the added job category name" finished-at="2025-08-07T17:11:44 IST" depends-on-methods="testcases.RestAssured_TestCases.loginWithSeleniumAndGetCookie" duration-ms="478" status="PASS">
          <reporter-output>
          </reporter-output>
        </test-method> <!-- PostJobCategoriesTest -->
      </class> <!-- testcases.RestAssured_TestCases -->
    </test> <!-- Test -->
  </suite> <!-- Suite -->
</testng-results>
